Numele gramaticii: GRgrammar
Tipul gramaticii: GR
Alfabetul gramaticii: { a, b } 

Numele automatului: automata1
Tipul automatului: automat cu stiva
Alfabetul de intrare: { a, b, c, d } 
Starea initiala: q0
Numarul de stari: 5
Starile finalae: { q4 }
Functia de tranzitie:
	m(q0, y, z0) = (q1, X&Z0)
	m(q1, a, X) = (q1, X&X)
	m(q1, b, X) = (q2, e)
	m(q1, a, X) = (q1, X&X)
	m(q2, b, X) = (q2, e)
	m(q2, c, Z0) = (q3, X&Z0)
	m(q3, c, X) = (q3, X&X)
	m(q3, d, X) = (q4, e)
	m(q4, d, X) = (q4, e)
	m(q4, e, Z0) = (q4, Z0)

